<?xml version="1.0" encoding="UTF-8"?>
<testsuite name="com.comatch.search.domain.DomainEventTests" tests="4" skipped="0" failures="0" errors="0" timestamp="2023-06-18T14:43:53" hostname="pvitic-laptop" time="0.002">
  <properties/>
  <testcase name="testAggregateType()" classname="com.comatch.search.domain.DomainEventTests" time="0.0"/>
  <testcase name="testType()" classname="com.comatch.search.domain.DomainEventTests" time="0.0"/>
  <testcase name="testEventTimeStamp()" classname="com.comatch.search.domain.DomainEventTests" time="0.0"/>
  <testcase name="testAggregateId()" classname="com.comatch.search.domain.DomainEventTests" time="0.001"/>
  <system-out><![CDATA[2023-06-18 16:43:53.120  INFO 157256 --- [ntContainer#1-1] c.c.search.domain.IndexRebuildsView      : Started rebuilding index for 74ff84f0-47c1-41a8-bc7f-7b0eca7ad331
]]></system-out>
  <system-err><![CDATA[]]></system-err>
</testsuite>
