<?xml version="1.0" encoding="UTF-8"?>
<testsuite name="com.comatch.search.domain.RebuildIndicesProcessTests" tests="1" skipped="0" failures="0" errors="0" timestamp="2023-06-18T14:43:53" hostname="pvitic-laptop" time="0.068">
  <properties/>
  <testcase name="clearDomainEvents should clear the domain events list()" classname="com.comatch.search.domain.RebuildIndicesProcessTests" time="0.068"/>
  <system-out><![CDATA[2023-06-18 16:43:53.122  INFO 157256 --- [    Test worker] .b.t.c.SpringBootTestContextBootstrapper : Neither @ContextConfiguration nor @ContextHierarchy found for test class [com.comatch.search.domain.RebuildIndicesProcessTests], using SpringBootContextLoader
2023-06-18 16:43:53.123  INFO 157256 --- [    Test worker] o.s.t.c.support.AbstractContextLoader    : Could not detect default resource locations for test class [com.comatch.search.domain.RebuildIndicesProcessTests]: no resource found for suffixes {-context.xml, Context.groovy}.
2023-06-18 16:43:53.123  INFO 157256 --- [    Test worker] t.c.s.AnnotationConfigContextLoaderUtils : Could not detect default configuration classes for test class [com.comatch.search.domain.RebuildIndicesProcessTests]: RebuildIndicesProcessTests does not declare any static, non-private, non-final, nested classes annotated with @Configuration.
2023-06-18 16:43:53.126  INFO 157256 --- [ntContainer#1-1] c.c.search.domain.IndexInitializer       : Received event -> IndexRebuildStarted
2023-06-18 16:43:53.130  INFO 157256 --- [    Test worker] .b.t.c.SpringBootTestContextBootstrapper : Found @SpringBootConfiguration com.comatch.search.ApplicationInit for test class com.comatch.search.domain.RebuildIndicesProcessTests
2023-06-18 16:43:53.132  INFO 157256 --- [    Test worker] .b.t.c.SpringBootTestContextBootstrapper : Loaded default TestExecutionListener class names from location [META-INF/spring.factories]: [org.springframework.boot.test.autoconfigure.restdocs.RestDocsTestExecutionListener, org.springframework.boot.test.autoconfigure.web.client.MockRestServiceServerResetTestExecutionListener, org.springframework.boot.test.autoconfigure.web.servlet.MockMvcPrintOnlyOnFailureTestExecutionListener, org.springframework.boot.test.autoconfigure.web.servlet.WebDriverTestExecutionListener, org.springframework.boot.test.autoconfigure.webservices.client.MockWebServiceServerTestExecutionListener, org.springframework.boot.test.mock.mockito.MockitoTestExecutionListener, org.springframework.boot.test.mock.mockito.ResetMocksTestExecutionListener, org.springframework.test.context.web.ServletTestExecutionListener, org.springframework.test.context.support.DirtiesContextBeforeModesTestExecutionListener, org.springframework.test.context.event.ApplicationEventsTestExecutionListener, org.springframework.test.context.support.DependencyInjectionTestExecutionListener, org.springframework.test.context.support.DirtiesContextTestExecutionListener, org.springframework.test.context.transaction.TransactionalTestExecutionListener, org.springframework.test.context.jdbc.SqlScriptsTestExecutionListener, org.springframework.test.context.event.EventPublishingTestExecutionListener]
2023-06-18 16:43:53.133  INFO 157256 --- [    Test worker] .b.t.c.SpringBootTestContextBootstrapper : Using TestExecutionListeners: [org.springframework.test.context.web.ServletTestExecutionListener@7b50e70a, org.springframework.test.context.support.DirtiesContextBeforeModesTestExecutionListener@4a0161ee, org.springframework.test.context.event.ApplicationEventsTestExecutionListener@58192546, org.springframework.boot.test.mock.mockito.MockitoTestExecutionListener@18be7f57, org.springframework.boot.test.autoconfigure.SpringBootDependencyInjectionTestExecutionListener@64aab3fd, org.springframework.test.context.support.DirtiesContextTestExecutionListener@2565b097, org.springframework.test.context.transaction.TransactionalTestExecutionListener@34c79268, org.springframework.test.context.jdbc.SqlScriptsTestExecutionListener@5fe80760, org.springframework.test.context.event.EventPublishingTestExecutionListener@6e6c723b, org.springframework.boot.test.autoconfigure.restdocs.RestDocsTestExecutionListener@66859669, org.springframework.boot.test.autoconfigure.web.client.MockRestServiceServerResetTestExecutionListener@6e591c03, org.springframework.boot.test.autoconfigure.web.servlet.MockMvcPrintOnlyOnFailureTestExecutionListener@7115d5af, org.springframework.boot.test.autoconfigure.web.servlet.WebDriverTestExecutionListener@7ce58c1c, org.springframework.boot.test.autoconfigure.webservices.client.MockWebServiceServerTestExecutionListener@36996b37, org.springframework.boot.test.mock.mockito.ResetMocksTestExecutionListener@1006d0e3]
2023-06-18 16:43:53.143  INFO 157256 --- [    Test worker] c.c.search.domain.RebuildIndexProcess    : Skipping index rebuild for consultants, process is already running
2023-06-18 16:43:53.146  INFO 157256 --- [    Test worker] c.c.search.domain.RebuildIndexProcess    : Skipping index rebuild for attachments, process is already running
]]></system-out>
  <system-err><![CDATA[]]></system-err>
</testsuite>
